
**** Build of configuration Debug for project msp430g2xx3_uscia0_uart_01_9600.c ****

"C:\\ti\\ccsv7\\utils\\bin\\gmake" -k -j 4 all -O 
'Building file: ../msp430g2xx3_uscia0_uart_01_9600.c'
'Invoking: MSP430 Compiler'
"C:/ti/ccsv7/tools/compiler/ti-cgt-msp430_16.9.3.LTS/bin/cl430" -vmsp --use_hw_mpy=none --include_path="C:/ti/ccsv7/ccs_base/msp430/include" --include_path="C:/Users/Jake/Documents/GitHub/lab-2-blinking-leds-jrepifano/Simple Blink/MSP430G2553" --include_path="C:/ti/ccsv7/tools/compiler/ti-cgt-msp430_16.9.3.LTS/include" --advice:power=all --define=__MSP430G2553__ -g --printf_support=minimal --diag_warning=225 --diag_wrap=off --display_error_number --preproc_with_compile --preproc_dependency="msp430g2xx3_uscia0_uart_01_9600.d"  "../msp430g2xx3_uscia0_uart_01_9600.c"
"../msp430g2xx3_uscia0_uart_01_9600.c", line 50: remark #1540-D: (ULP 11.2) Assignment of higher bits (constants) to "P1OUT" within a loop. Recommend using lower 4 bits to allow use of constant generators
"../msp430g2xx3_uscia0_uart_01_9600.c", line 52: remark #1527-D: (ULP 2.1) Detected SW delay loop using __delay_cycles. Recommend using a timer module instead
'Finished building: ../msp430g2xx3_uscia0_uart_01_9600.c'
' '
'Building target: msp430g2xx3_uscia0_uart_01_9600.c.out'
'Invoking: MSP430 Linker'
"C:/ti/ccsv7/tools/compiler/ti-cgt-msp430_16.9.3.LTS/bin/cl430" -vmsp --use_hw_mpy=none --advice:power=all --define=__MSP430G2553__ -g --printf_support=minimal --diag_warning=225 --diag_wrap=off --display_error_number -z -m"msp430g2xx3_uscia0_uart_01_9600.c.map" --heap_size=80 --stack_size=80 -i"C:/ti/ccsv7/ccs_base/msp430/include" -i"C:/ti/ccsv7/tools/compiler/ti-cgt-msp430_16.9.3.LTS/lib" -i"C:/ti/ccsv7/tools/compiler/ti-cgt-msp430_16.9.3.LTS/include" --reread_libs --diag_wrap=off --display_error_number --warn_sections --xml_link_info="msp430g2xx3_uscia0_uart_01_9600.c_linkInfo.xml" --use_hw_mpy=none --rom_model -o "msp430g2xx3_uscia0_uart_01_9600.c.out" "./msp430g2xx3_uscia0_uart_01_9600.obj" "../lnk_msp430g2553.cmd"  -llibc.a 
<Linking>
remark #10371-D: (ULP 1.1) Detected no uses of low power mode state changing instructions
remark #10372-D: (ULP 4.1) Detected uninitialized Port 2 in this project. Recommend initializing all unused ports to eliminate wasted current consumption on unused pins.
'Finished building target: msp430g2xx3_uscia0_uart_01_9600.c.out'
' '

**** Build Finished ****

**** Build of configuration Debug for project msp430g2xx3_uscia0_uart_01_9600.c ****

"C:\\ti\\ccsv7\\utils\\bin\\gmake" -k -j 4 all -O 
gmake[1]: 'msp430g2xx3_uscia0_uart_01_9600.c.out' is up to date.

**** Build Finished ****

**** Build of configuration Debug for project msp430g2xx3_uscia0_uart_01_9600.c ****

"C:\\ti\\ccsv7\\utils\\bin\\gmake" -k -j 4 all -O 
gmake[1]: 'msp430g2xx3_uscia0_uart_01_9600.c.out' is up to date.

**** Build Finished ****

**** Build of configuration Debug for project msp430g2xx3_uscia0_uart_01_9600.c ****

"C:\\ti\\ccsv7\\utils\\bin\\gmake" -k -j 4 all -O 
'Building file: ../msp430g2xx3_uscia0_uart_01_9600.c'
'Invoking: MSP430 Compiler'
"C:/ti/ccsv7/tools/compiler/ti-cgt-msp430_16.9.3.LTS/bin/cl430" -vmsp --use_hw_mpy=none --include_path="C:/ti/ccsv7/ccs_base/msp430/include" --include_path="C:/Users/Jake/Documents/GitHub/lab-2-blinking-leds-jrepifano/Simple Blink/MSP430G2553" --include_path="C:/ti/ccsv7/tools/compiler/ti-cgt-msp430_16.9.3.LTS/include" --advice:power=all --define=__MSP430G2553__ -g --printf_support=minimal --diag_warning=225 --diag_wrap=off --display_error_number --preproc_with_compile --preproc_dependency="msp430g2xx3_uscia0_uart_01_9600.d"  "../msp430g2xx3_uscia0_uart_01_9600.c"
"../msp430g2xx3_uscia0_uart_01_9600.c", line 10: remark #1535-D: (ULP 8.1) variable "blink" is used as a constant. Recommend declaring variable as either 'static const' or 'const'
'Finished building: ../msp430g2xx3_uscia0_uart_01_9600.c'
' '
'Building target: msp430g2xx3_uscia0_uart_01_9600.c.out'
'Invoking: MSP430 Linker'
"C:/ti/ccsv7/tools/compiler/ti-cgt-msp430_16.9.3.LTS/bin/cl430" -vmsp --use_hw_mpy=none --advice:power=all --define=__MSP430G2553__ -g --printf_support=minimal --diag_warning=225 --diag_wrap=off --display_error_number -z -m"msp430g2xx3_uscia0_uart_01_9600.c.map" --heap_size=80 --stack_size=80 -i"C:/ti/ccsv7/ccs_base/msp430/include" -i"C:/ti/ccsv7/tools/compiler/ti-cgt-msp430_16.9.3.LTS/lib" -i"C:/ti/ccsv7/tools/compiler/ti-cgt-msp430_16.9.3.LTS/include" --reread_libs --diag_wrap=off --display_error_number --warn_sections --xml_link_info="msp430g2xx3_uscia0_uart_01_9600.c_linkInfo.xml" --use_hw_mpy=none --rom_model -o "msp430g2xx3_uscia0_uart_01_9600.c.out" "./msp430g2xx3_uscia0_uart_01_9600.obj" "../lnk_msp430g2553.cmd"  -llibc.a 
<Linking>
remark #10371-D: (ULP 1.1) Detected no uses of low power mode state changing instructions
remark #10372-D: (ULP 4.1) Detected uninitialized Port 2 in this project. Recommend initializing all unused ports to eliminate wasted current consumption on unused pins.
'Finished building target: msp430g2xx3_uscia0_uart_01_9600.c.out'
' '

**** Build Finished ****

**** Build of configuration Debug for project msp430g2xx3_uscia0_uart_01_9600.c ****

"C:\\ti\\ccsv7\\utils\\bin\\gmake" -k -j 4 all -O 
'Building file: ../msp430g2xx3_uscia0_uart_01_9600.c'
'Invoking: MSP430 Compiler'
"C:/ti/ccsv7/tools/compiler/ti-cgt-msp430_16.9.3.LTS/bin/cl430" -vmsp --use_hw_mpy=none --include_path="C:/ti/ccsv7/ccs_base/msp430/include" --include_path="C:/Users/Jake/Documents/GitHub/lab-2-blinking-leds-jrepifano/Simple Blink/MSP430G2553" --include_path="C:/ti/ccsv7/tools/compiler/ti-cgt-msp430_16.9.3.LTS/include" --advice:power=all --define=__MSP430G2553__ -g --printf_support=minimal --diag_warning=225 --diag_wrap=off --display_error_number --preproc_with_compile --preproc_dependency="msp430g2xx3_uscia0_uart_01_9600.d"  "../msp430g2xx3_uscia0_uart_01_9600.c"
"../msp430g2xx3_uscia0_uart_01_9600.c", line 10: remark #1535-D: (ULP 8.1) variable "blink" is used as a constant. Recommend declaring variable as either 'static const' or 'const'
'Finished building: ../msp430g2xx3_uscia0_uart_01_9600.c'
' '
'Building target: msp430g2xx3_uscia0_uart_01_9600.c.out'
'Invoking: MSP430 Linker'
"C:/ti/ccsv7/tools/compiler/ti-cgt-msp430_16.9.3.LTS/bin/cl430" -vmsp --use_hw_mpy=none --advice:power=all --define=__MSP430G2553__ -g --printf_support=minimal --diag_warning=225 --diag_wrap=off --display_error_number -z -m"msp430g2xx3_uscia0_uart_01_9600.c.map" --heap_size=80 --stack_size=80 -i"C:/ti/ccsv7/ccs_base/msp430/include" -i"C:/ti/ccsv7/tools/compiler/ti-cgt-msp430_16.9.3.LTS/lib" -i"C:/ti/ccsv7/tools/compiler/ti-cgt-msp430_16.9.3.LTS/include" --reread_libs --diag_wrap=off --display_error_number --warn_sections --xml_link_info="msp430g2xx3_uscia0_uart_01_9600.c_linkInfo.xml" --use_hw_mpy=none --rom_model -o "msp430g2xx3_uscia0_uart_01_9600.c.out" "./msp430g2xx3_uscia0_uart_01_9600.obj" "../lnk_msp430g2553.cmd"  -llibc.a 
<Linking>
remark #10371-D: (ULP 1.1) Detected no uses of low power mode state changing instructions
remark #10372-D: (ULP 4.1) Detected uninitialized Port 2 in this project. Recommend initializing all unused ports to eliminate wasted current consumption on unused pins.
'Finished building target: msp430g2xx3_uscia0_uart_01_9600.c.out'
' '

**** Build Finished ****

**** Build of configuration Debug for project msp430g2xx3_uscia0_uart_01_9600.c ****

"C:\\ti\\ccsv7\\utils\\bin\\gmake" -k -j 4 all -O 
'Building file: ../msp430g2xx3_uscia0_uart_01_9600.c'
'Invoking: MSP430 Compiler'
"C:/ti/ccsv7/tools/compiler/ti-cgt-msp430_16.9.3.LTS/bin/cl430" -vmsp --use_hw_mpy=none --include_path="C:/ti/ccsv7/ccs_base/msp430/include" --include_path="C:/Users/Jake/Documents/GitHub/lab-2-blinking-leds-jrepifano/Simple Blink/MSP430G2553" --include_path="C:/ti/ccsv7/tools/compiler/ti-cgt-msp430_16.9.3.LTS/include" --advice:power=all --define=__MSP430G2553__ -g --printf_support=minimal --diag_warning=225 --diag_wrap=off --display_error_number --preproc_with_compile --preproc_dependency="msp430g2xx3_uscia0_uart_01_9600.d"  "../msp430g2xx3_uscia0_uart_01_9600.c"
"../msp430g2xx3_uscia0_uart_01_9600.c", line 10: remark #1535-D: (ULP 8.1) variable "blink" is used as a constant. Recommend declaring variable as either 'static const' or 'const'
'Finished building: ../msp430g2xx3_uscia0_uart_01_9600.c'
' '
'Building target: msp430g2xx3_uscia0_uart_01_9600.c.out'
'Invoking: MSP430 Linker'
"C:/ti/ccsv7/tools/compiler/ti-cgt-msp430_16.9.3.LTS/bin/cl430" -vmsp --use_hw_mpy=none --advice:power=all --define=__MSP430G2553__ -g --printf_support=minimal --diag_warning=225 --diag_wrap=off --display_error_number -z -m"msp430g2xx3_uscia0_uart_01_9600.c.map" --heap_size=80 --stack_size=80 -i"C:/ti/ccsv7/ccs_base/msp430/include" -i"C:/ti/ccsv7/tools/compiler/ti-cgt-msp430_16.9.3.LTS/lib" -i"C:/ti/ccsv7/tools/compiler/ti-cgt-msp430_16.9.3.LTS/include" --reread_libs --diag_wrap=off --display_error_number --warn_sections --xml_link_info="msp430g2xx3_uscia0_uart_01_9600.c_linkInfo.xml" --use_hw_mpy=none --rom_model -o "msp430g2xx3_uscia0_uart_01_9600.c.out" "./msp430g2xx3_uscia0_uart_01_9600.obj" "../lnk_msp430g2553.cmd"  -llibc.a 
<Linking>
remark #10371-D: (ULP 1.1) Detected no uses of low power mode state changing instructions
remark #10372-D: (ULP 4.1) Detected uninitialized Port 2 in this project. Recommend initializing all unused ports to eliminate wasted current consumption on unused pins.
'Finished building target: msp430g2xx3_uscia0_uart_01_9600.c.out'
' '

**** Build Finished ****

**** Build of configuration Debug for project msp430g2xx3_uscia0_uart_01_9600.c ****

"C:\\ti\\ccsv7\\utils\\bin\\gmake" -k -j 4 all -O 
'Building file: ../msp430g2xx3_uscia0_uart_01_9600.c'
'Invoking: MSP430 Compiler'
"C:/ti/ccsv7/tools/compiler/ti-cgt-msp430_16.9.3.LTS/bin/cl430" -vmsp --use_hw_mpy=none --include_path="C:/ti/ccsv7/ccs_base/msp430/include" --include_path="C:/Users/Jake/Documents/GitHub/lab-2-blinking-leds-jrepifano/Simple Blink/MSP430G2553" --include_path="C:/ti/ccsv7/tools/compiler/ti-cgt-msp430_16.9.3.LTS/include" --advice:power=all --define=__MSP430G2553__ -g --printf_support=minimal --diag_warning=225 --diag_wrap=off --display_error_number --preproc_with_compile --preproc_dependency="msp430g2xx3_uscia0_uart_01_9600.d"  "../msp430g2xx3_uscia0_uart_01_9600.c"
"../msp430g2xx3_uscia0_uart_01_9600.c", line 30: remark #1540-D: (ULP 11.2) Assignment of higher bits (constants) to "P1OUT" within a loop. Recommend using lower 4 bits to allow use of constant generators
"../msp430g2xx3_uscia0_uart_01_9600.c", line 32: remark #1527-D: (ULP 2.1) Detected SW delay loop using __delay_cycles. Recommend using a timer module instead
'Finished building: ../msp430g2xx3_uscia0_uart_01_9600.c'
' '
'Building target: msp430g2xx3_uscia0_uart_01_9600.c.out'
'Invoking: MSP430 Linker'
"C:/ti/ccsv7/tools/compiler/ti-cgt-msp430_16.9.3.LTS/bin/cl430" -vmsp --use_hw_mpy=none --advice:power=all --define=__MSP430G2553__ -g --printf_support=minimal --diag_warning=225 --diag_wrap=off --display_error_number -z -m"msp430g2xx3_uscia0_uart_01_9600.c.map" --heap_size=80 --stack_size=80 -i"C:/ti/ccsv7/ccs_base/msp430/include" -i"C:/ti/ccsv7/tools/compiler/ti-cgt-msp430_16.9.3.LTS/lib" -i"C:/ti/ccsv7/tools/compiler/ti-cgt-msp430_16.9.3.LTS/include" --reread_libs --diag_wrap=off --display_error_number --warn_sections --xml_link_info="msp430g2xx3_uscia0_uart_01_9600.c_linkInfo.xml" --use_hw_mpy=none --rom_model -o "msp430g2xx3_uscia0_uart_01_9600.c.out" "./msp430g2xx3_uscia0_uart_01_9600.obj" "../lnk_msp430g2553.cmd"  -llibc.a 
<Linking>
remark #10371-D: (ULP 1.1) Detected no uses of low power mode state changing instructions
remark #10372-D: (ULP 4.1) Detected uninitialized Port 2 in this project. Recommend initializing all unused ports to eliminate wasted current consumption on unused pins.
'Finished building target: msp430g2xx3_uscia0_uart_01_9600.c.out'
' '

**** Build Finished ****

**** Build of configuration Debug for project msp430g2xx3_uscia0_uart_01_9600.c ****

"C:\\ti\\ccsv7\\utils\\bin\\gmake" -k -j 4 all -O 
'Building file: ../msp430g2xx3_uscia0_uart_01_9600.c'
'Invoking: MSP430 Compiler'
"C:/ti/ccsv7/tools/compiler/ti-cgt-msp430_16.9.3.LTS/bin/cl430" -vmsp --use_hw_mpy=none --include_path="C:/ti/ccsv7/ccs_base/msp430/include" --include_path="C:/Users/Jake/Documents/GitHub/lab-2-blinking-leds-jrepifano/Simple Blink/MSP430G2553" --include_path="C:/ti/ccsv7/tools/compiler/ti-cgt-msp430_16.9.3.LTS/include" --advice:power=all --define=__MSP430G2553__ -g --printf_support=minimal --diag_warning=225 --diag_wrap=off --display_error_number --preproc_with_compile --preproc_dependency="msp430g2xx3_uscia0_uart_01_9600.d"  "../msp430g2xx3_uscia0_uart_01_9600.c"

>> Compilation failure
subdir_rules.mk:9: recipe for target 'msp430g2xx3_uscia0_uart_01_9600.obj' failed
"../msp430g2xx3_uscia0_uart_01_9600.c", line 10: error #20: identifier "LED_DIR" is undefined
"../msp430g2xx3_uscia0_uart_01_9600.c", line 11: error #20: identifier "LED_OUT" is undefined
"../msp430g2xx3_uscia0_uart_01_9600.c", line 13: error #29: expected an expression
"../msp430g2xx3_uscia0_uart_01_9600.c", line 20: remark #1527-D: (ULP 2.1) Detected SW delay loop using __delay_cycles. Recommend using a timer module instead
"../msp430g2xx3_uscia0_uart_01_9600.c", line 5: remark #1535-D: (ULP 8.1) variable "blink" is used as a constant. Recommend declaring variable as either 'static const' or 'const'
3 errors detected in the compilation of "../msp430g2xx3_uscia0_uart_01_9600.c".
gmake: *** [msp430g2xx3_uscia0_uart_01_9600.obj] Error 1
gmake: Target 'all' not remade because of errors.

**** Build Finished ****

**** Build of configuration Debug for project msp430g2xx3_uscia0_uart_01_9600.c ****

"C:\\ti\\ccsv7\\utils\\bin\\gmake" -k -j 4 all -O 
'Building file: ../msp430g2xx3_uscia0_uart_01_9600.c'
'Invoking: MSP430 Compiler'
"C:/ti/ccsv7/tools/compiler/ti-cgt-msp430_16.9.3.LTS/bin/cl430" -vmsp --use_hw_mpy=none --include_path="C:/ti/ccsv7/ccs_base/msp430/include" --include_path="C:/Users/Jake/Documents/GitHub/lab-2-blinking-leds-jrepifano/Simple Blink/MSP430G2553" --include_path="C:/ti/ccsv7/tools/compiler/ti-cgt-msp430_16.9.3.LTS/include" --advice:power=all --define=__MSP430G2553__ -g --printf_support=minimal --diag_warning=225 --diag_wrap=off --display_error_number --preproc_with_compile --preproc_dependency="msp430g2xx3_uscia0_uart_01_9600.d"  "../msp430g2xx3_uscia0_uart_01_9600.c"

>> Compilation failure
subdir_rules.mk:9: recipe for target 'msp430g2xx3_uscia0_uart_01_9600.obj' failed
"../msp430g2xx3_uscia0_uart_01_9600.c", line 13: error #29: expected an expression
"../msp430g2xx3_uscia0_uart_01_9600.c", line 20: remark #1527-D: (ULP 2.1) Detected SW delay loop using __delay_cycles. Recommend using a timer module instead
"../msp430g2xx3_uscia0_uart_01_9600.c", line 5: remark #1535-D: (ULP 8.1) variable "blink" is used as a constant. Recommend declaring variable as either 'static const' or 'const'
1 error detected in the compilation of "../msp430g2xx3_uscia0_uart_01_9600.c".
gmake: *** [msp430g2xx3_uscia0_uart_01_9600.obj] Error 1
gmake: Target 'all' not remade because of errors.

**** Build Finished ****

**** Build of configuration Debug for project msp430g2xx3_uscia0_uart_01_9600.c ****

"C:\\ti\\ccsv7\\utils\\bin\\gmake" -k -j 4 all -O 
'Building file: ../msp430g2xx3_uscia0_uart_01_9600.c'
'Invoking: MSP430 Compiler'
"C:/ti/ccsv7/tools/compiler/ti-cgt-msp430_16.9.3.LTS/bin/cl430" -vmsp --use_hw_mpy=none --include_path="C:/ti/ccsv7/ccs_base/msp430/include" --include_path="C:/Users/Jake/Documents/GitHub/lab-2-blinking-leds-jrepifano/Simple Blink/MSP430G2553" --include_path="C:/ti/ccsv7/tools/compiler/ti-cgt-msp430_16.9.3.LTS/include" --advice:power=all --define=__MSP430G2553__ -g --printf_support=minimal --diag_warning=225 --diag_wrap=off --display_error_number --preproc_with_compile --preproc_dependency="msp430g2xx3_uscia0_uart_01_9600.d"  "../msp430g2xx3_uscia0_uart_01_9600.c"
"../msp430g2xx3_uscia0_uart_01_9600.c", line 20: remark #1527-D: (ULP 2.1) Detected SW delay loop using __delay_cycles. Recommend using a timer module instead
"../msp430g2xx3_uscia0_uart_01_9600.c", line 5: remark #1535-D: (ULP 8.1) variable "blink" is used as a constant. Recommend declaring variable as either 'static const' or 'const'
'Finished building: ../msp430g2xx3_uscia0_uart_01_9600.c'
' '
'Building target: msp430g2xx3_uscia0_uart_01_9600.c.out'
'Invoking: MSP430 Linker'
"C:/ti/ccsv7/tools/compiler/ti-cgt-msp430_16.9.3.LTS/bin/cl430" -vmsp --use_hw_mpy=none --advice:power=all --define=__MSP430G2553__ -g --printf_support=minimal --diag_warning=225 --diag_wrap=off --display_error_number -z -m"msp430g2xx3_uscia0_uart_01_9600.c.map" --heap_size=80 --stack_size=80 -i"C:/ti/ccsv7/ccs_base/msp430/include" -i"C:/ti/ccsv7/tools/compiler/ti-cgt-msp430_16.9.3.LTS/lib" -i"C:/ti/ccsv7/tools/compiler/ti-cgt-msp430_16.9.3.LTS/include" --reread_libs --diag_wrap=off --display_error_number --warn_sections --xml_link_info="msp430g2xx3_uscia0_uart_01_9600.c_linkInfo.xml" --use_hw_mpy=none --rom_model -o "msp430g2xx3_uscia0_uart_01_9600.c.out" "./msp430g2xx3_uscia0_uart_01_9600.obj" "../lnk_msp430g2553.cmd"  -llibc.a 
<Linking>
remark #10371-D: (ULP 1.1) Detected no uses of low power mode state changing instructions
remark #10372-D: (ULP 4.1) Detected uninitialized Port 2 in this project. Recommend initializing all unused ports to eliminate wasted current consumption on unused pins.
'Finished building target: msp430g2xx3_uscia0_uart_01_9600.c.out'
' '

**** Build Finished ****

**** Build of configuration Debug for project msp430g2xx3_uscia0_uart_01_9600.c ****

"C:\\ti\\ccsv7\\utils\\bin\\gmake" -k -j 4 all -O 
'Building file: ../msp430g2xx3_uscia0_uart_01_9600.c'
'Invoking: MSP430 Compiler'
"C:/ti/ccsv7/tools/compiler/ti-cgt-msp430_16.9.3.LTS/bin/cl430" -vmsp --use_hw_mpy=none --include_path="C:/ti/ccsv7/ccs_base/msp430/include" --include_path="C:/Users/Jake/Documents/GitHub/lab-2-blinking-leds-jrepifano/Simple Blink/MSP430G2553" --include_path="C:/ti/ccsv7/tools/compiler/ti-cgt-msp430_16.9.3.LTS/include" --advice:power=all --define=__MSP430G2553__ -g --printf_support=minimal --diag_warning=225 --diag_wrap=off --display_error_number --preproc_with_compile --preproc_dependency="msp430g2xx3_uscia0_uart_01_9600.d"  "../msp430g2xx3_uscia0_uart_01_9600.c"
"../msp430g2xx3_uscia0_uart_01_9600.c", line 17: remark #1527-D: (ULP 2.1) Detected SW delay loop using __delay_cycles. Recommend using a timer module instead
"../msp430g2xx3_uscia0_uart_01_9600.c", line 5: remark #1535-D: (ULP 8.1) variable "blink" is used as a constant. Recommend declaring variable as either 'static const' or 'const'
'Finished building: ../msp430g2xx3_uscia0_uart_01_9600.c'
' '
'Building target: msp430g2xx3_uscia0_uart_01_9600.c.out'
'Invoking: MSP430 Linker'
"C:/ti/ccsv7/tools/compiler/ti-cgt-msp430_16.9.3.LTS/bin/cl430" -vmsp --use_hw_mpy=none --advice:power=all --define=__MSP430G2553__ -g --printf_support=minimal --diag_warning=225 --diag_wrap=off --display_error_number -z -m"msp430g2xx3_uscia0_uart_01_9600.c.map" --heap_size=80 --stack_size=80 -i"C:/ti/ccsv7/ccs_base/msp430/include" -i"C:/ti/ccsv7/tools/compiler/ti-cgt-msp430_16.9.3.LTS/lib" -i"C:/ti/ccsv7/tools/compiler/ti-cgt-msp430_16.9.3.LTS/include" --reread_libs --diag_wrap=off --display_error_number --warn_sections --xml_link_info="msp430g2xx3_uscia0_uart_01_9600.c_linkInfo.xml" --use_hw_mpy=none --rom_model -o "msp430g2xx3_uscia0_uart_01_9600.c.out" "./msp430g2xx3_uscia0_uart_01_9600.obj" "../lnk_msp430g2553.cmd"  -llibc.a 
<Linking>
remark #10371-D: (ULP 1.1) Detected no uses of low power mode state changing instructions
remark #10372-D: (ULP 4.1) Detected uninitialized Port 1 in this project. Recommend initializing all unused ports to eliminate wasted current consumption on unused pins.
remark #10372-D: (ULP 4.1) Detected uninitialized Port 2 in this project. Recommend initializing all unused ports to eliminate wasted current consumption on unused pins.
'Finished building target: msp430g2xx3_uscia0_uart_01_9600.c.out'
' '

**** Build Finished ****

**** Build of configuration Debug for project msp430g2xx3_uscia0_uart_01_9600.c ****

"C:\\ti\\ccsv7\\utils\\bin\\gmake" -k -j 4 all -O 
'Building file: ../msp430g2xx3_uscia0_uart_01_9600.c'
'Invoking: MSP430 Compiler'
"C:/ti/ccsv7/tools/compiler/ti-cgt-msp430_16.9.3.LTS/bin/cl430" -vmsp --use_hw_mpy=none --include_path="C:/ti/ccsv7/ccs_base/msp430/include" --include_path="C:/Users/Jake/Documents/GitHub/lab-2-blinking-leds-jrepifano/Simple Blink/MSP430G2553" --include_path="C:/ti/ccsv7/tools/compiler/ti-cgt-msp430_16.9.3.LTS/include" --advice:power=all --define=__MSP430G2553__ -g --printf_support=minimal --diag_warning=225 --diag_wrap=off --display_error_number --preproc_with_compile --preproc_dependency="msp430g2xx3_uscia0_uart_01_9600.d"  "../msp430g2xx3_uscia0_uart_01_9600.c"
"../msp430g2xx3_uscia0_uart_01_9600.c", line 18: remark #1527-D: (ULP 2.1) Detected SW delay loop using __delay_cycles. Recommend using a timer module instead
"../msp430g2xx3_uscia0_uart_01_9600.c", line 5: remark #1535-D: (ULP 8.1) variable "blink" is used as a constant. Recommend declaring variable as either 'static const' or 'const'
'Finished building: ../msp430g2xx3_uscia0_uart_01_9600.c'
' '
'Building target: msp430g2xx3_uscia0_uart_01_9600.c.out'
'Invoking: MSP430 Linker'
"C:/ti/ccsv7/tools/compiler/ti-cgt-msp430_16.9.3.LTS/bin/cl430" -vmsp --use_hw_mpy=none --advice:power=all --define=__MSP430G2553__ -g --printf_support=minimal --diag_warning=225 --diag_wrap=off --display_error_number -z -m"msp430g2xx3_uscia0_uart_01_9600.c.map" --heap_size=80 --stack_size=80 -i"C:/ti/ccsv7/ccs_base/msp430/include" -i"C:/ti/ccsv7/tools/compiler/ti-cgt-msp430_16.9.3.LTS/lib" -i"C:/ti/ccsv7/tools/compiler/ti-cgt-msp430_16.9.3.LTS/include" --reread_libs --diag_wrap=off --display_error_number --warn_sections --xml_link_info="msp430g2xx3_uscia0_uart_01_9600.c_linkInfo.xml" --use_hw_mpy=none --rom_model -o "msp430g2xx3_uscia0_uart_01_9600.c.out" "./msp430g2xx3_uscia0_uart_01_9600.obj" "../lnk_msp430g2553.cmd"  -llibc.a 
<Linking>
remark #10371-D: (ULP 1.1) Detected no uses of low power mode state changing instructions
remark #10372-D: (ULP 4.1) Detected uninitialized Port 2 in this project. Recommend initializing all unused ports to eliminate wasted current consumption on unused pins.
'Finished building target: msp430g2xx3_uscia0_uart_01_9600.c.out'
' '

**** Build Finished ****

**** Build of configuration Debug for project msp430g2xx3_uscia0_uart_01_9600.c ****

"C:\\ti\\ccsv7\\utils\\bin\\gmake" -k -j 4 all -O 
'Building file: ../msp430g2xx3_uscia0_uart_01_9600.c'
'Invoking: MSP430 Compiler'
"C:/ti/ccsv7/tools/compiler/ti-cgt-msp430_16.9.3.LTS/bin/cl430" -vmsp --use_hw_mpy=none --include_path="C:/ti/ccsv7/ccs_base/msp430/include" --include_path="C:/Users/Jake/Documents/GitHub/lab-2-blinking-leds-jrepifano/Simple Blink/MSP430G2553" --include_path="C:/ti/ccsv7/tools/compiler/ti-cgt-msp430_16.9.3.LTS/include" --advice:power=all --define=__MSP430G2553__ -g --printf_support=minimal --diag_warning=225 --diag_wrap=off --display_error_number --preproc_with_compile --preproc_dependency="msp430g2xx3_uscia0_uart_01_9600.d"  "../msp430g2xx3_uscia0_uart_01_9600.c"
"../msp430g2xx3_uscia0_uart_01_9600.c", line 18: remark #1527-D: (ULP 2.1) Detected SW delay loop using __delay_cycles. Recommend using a timer module instead
"../msp430g2xx3_uscia0_uart_01_9600.c", line 5: remark #1535-D: (ULP 8.1) variable "blink" is used as a constant. Recommend declaring variable as either 'static const' or 'const'
'Finished building: ../msp430g2xx3_uscia0_uart_01_9600.c'
' '
'Building target: msp430g2xx3_uscia0_uart_01_9600.c.out'
'Invoking: MSP430 Linker'
"C:/ti/ccsv7/tools/compiler/ti-cgt-msp430_16.9.3.LTS/bin/cl430" -vmsp --use_hw_mpy=none --advice:power=all --define=__MSP430G2553__ -g --printf_support=minimal --diag_warning=225 --diag_wrap=off --display_error_number -z -m"msp430g2xx3_uscia0_uart_01_9600.c.map" --heap_size=80 --stack_size=80 -i"C:/ti/ccsv7/ccs_base/msp430/include" -i"C:/ti/ccsv7/tools/compiler/ti-cgt-msp430_16.9.3.LTS/lib" -i"C:/ti/ccsv7/tools/compiler/ti-cgt-msp430_16.9.3.LTS/include" --reread_libs --diag_wrap=off --display_error_number --warn_sections --xml_link_info="msp430g2xx3_uscia0_uart_01_9600.c_linkInfo.xml" --use_hw_mpy=none --rom_model -o "msp430g2xx3_uscia0_uart_01_9600.c.out" "./msp430g2xx3_uscia0_uart_01_9600.obj" "../lnk_msp430g2553.cmd"  -llibc.a 
<Linking>
remark #10371-D: (ULP 1.1) Detected no uses of low power mode state changing instructions
remark #10372-D: (ULP 4.1) Detected uninitialized Port 2 in this project. Recommend initializing all unused ports to eliminate wasted current consumption on unused pins.
'Finished building target: msp430g2xx3_uscia0_uart_01_9600.c.out'
' '

**** Build Finished ****

**** Build of configuration Debug for project msp430g2xx3_uscia0_uart_01_9600.c ****

"C:\\ti\\ccsv7\\utils\\bin\\gmake" -k -j 4 all -O 
'Building file: ../msp430g2xx3_uscia0_uart_01_9600.c'
'Invoking: MSP430 Compiler'
"C:/ti/ccsv7/tools/compiler/ti-cgt-msp430_16.9.3.LTS/bin/cl430" -vmsp --use_hw_mpy=none --include_path="C:/ti/ccsv7/ccs_base/msp430/include" --include_path="C:/Users/Jake/Documents/GitHub/lab-2-blinking-leds-jrepifano/Simple Blink/MSP430G2553" --include_path="C:/ti/ccsv7/tools/compiler/ti-cgt-msp430_16.9.3.LTS/include" --advice:power=all --define=__MSP430G2553__ -g --printf_support=minimal --diag_warning=225 --diag_wrap=off --display_error_number --preproc_with_compile --preproc_dependency="msp430g2xx3_uscia0_uart_01_9600.d"  "../msp430g2xx3_uscia0_uart_01_9600.c"
"../msp430g2xx3_uscia0_uart_01_9600.c", line 18: remark #1527-D: (ULP 2.1) Detected SW delay loop using __delay_cycles. Recommend using a timer module instead
"../msp430g2xx3_uscia0_uart_01_9600.c", line 5: remark #1535-D: (ULP 8.1) variable "blink" is used as a constant. Recommend declaring variable as either 'static const' or 'const'
'Finished building: ../msp430g2xx3_uscia0_uart_01_9600.c'
' '
'Building target: msp430g2xx3_uscia0_uart_01_9600.c.out'
'Invoking: MSP430 Linker'
"C:/ti/ccsv7/tools/compiler/ti-cgt-msp430_16.9.3.LTS/bin/cl430" -vmsp --use_hw_mpy=none --advice:power=all --define=__MSP430G2553__ -g --printf_support=minimal --diag_warning=225 --diag_wrap=off --display_error_number -z -m"msp430g2xx3_uscia0_uart_01_9600.c.map" --heap_size=80 --stack_size=80 -i"C:/ti/ccsv7/ccs_base/msp430/include" -i"C:/ti/ccsv7/tools/compiler/ti-cgt-msp430_16.9.3.LTS/lib" -i"C:/ti/ccsv7/tools/compiler/ti-cgt-msp430_16.9.3.LTS/include" --reread_libs --diag_wrap=off --display_error_number --warn_sections --xml_link_info="msp430g2xx3_uscia0_uart_01_9600.c_linkInfo.xml" --use_hw_mpy=none --rom_model -o "msp430g2xx3_uscia0_uart_01_9600.c.out" "./msp430g2xx3_uscia0_uart_01_9600.obj" "../lnk_msp430g2553.cmd"  -llibc.a 
<Linking>
remark #10371-D: (ULP 1.1) Detected no uses of low power mode state changing instructions
remark #10372-D: (ULP 4.1) Detected uninitialized Port 2 in this project. Recommend initializing all unused ports to eliminate wasted current consumption on unused pins.
'Finished building target: msp430g2xx3_uscia0_uart_01_9600.c.out'
' '

**** Build Finished ****

**** Build of configuration Debug for project msp430g2xx3_uscia0_uart_01_9600.c ****

"C:\\ti\\ccsv7\\utils\\bin\\gmake" -k -j 4 all -O 
'Building file: ../msp430g2xx3_uscia0_uart_01_9600.c'
'Invoking: MSP430 Compiler'
"C:/ti/ccsv7/tools/compiler/ti-cgt-msp430_16.9.3.LTS/bin/cl430" -vmsp --use_hw_mpy=none --include_path="C:/ti/ccsv7/ccs_base/msp430/include" --include_path="C:/Users/Jake/Documents/GitHub/lab-2-blinking-leds-jrepifano/Simple Blink/MSP430G2553" --include_path="C:/ti/ccsv7/tools/compiler/ti-cgt-msp430_16.9.3.LTS/include" --advice:power=all --define=__MSP430G2553__ -g --printf_support=minimal --diag_warning=225 --diag_wrap=off --display_error_number --preproc_with_compile --preproc_dependency="msp430g2xx3_uscia0_uart_01_9600.d"  "../msp430g2xx3_uscia0_uart_01_9600.c"
"../msp430g2xx3_uscia0_uart_01_9600.c", line 18: remark #1527-D: (ULP 2.1) Detected SW delay loop using __delay_cycles. Recommend using a timer module instead
"../msp430g2xx3_uscia0_uart_01_9600.c", line 5: remark #1535-D: (ULP 8.1) variable "blink" is used as a constant. Recommend declaring variable as either 'static const' or 'const'
'Finished building: ../msp430g2xx3_uscia0_uart_01_9600.c'
' '
'Building target: msp430g2xx3_uscia0_uart_01_9600.c.out'
'Invoking: MSP430 Linker'
"C:/ti/ccsv7/tools/compiler/ti-cgt-msp430_16.9.3.LTS/bin/cl430" -vmsp --use_hw_mpy=none --advice:power=all --define=__MSP430G2553__ -g --printf_support=minimal --diag_warning=225 --diag_wrap=off --display_error_number -z -m"msp430g2xx3_uscia0_uart_01_9600.c.map" --heap_size=80 --stack_size=80 -i"C:/ti/ccsv7/ccs_base/msp430/include" -i"C:/ti/ccsv7/tools/compiler/ti-cgt-msp430_16.9.3.LTS/lib" -i"C:/ti/ccsv7/tools/compiler/ti-cgt-msp430_16.9.3.LTS/include" --reread_libs --diag_wrap=off --display_error_number --warn_sections --xml_link_info="msp430g2xx3_uscia0_uart_01_9600.c_linkInfo.xml" --use_hw_mpy=none --rom_model -o "msp430g2xx3_uscia0_uart_01_9600.c.out" "./msp430g2xx3_uscia0_uart_01_9600.obj" "../lnk_msp430g2553.cmd"  -llibc.a 
<Linking>
remark #10371-D: (ULP 1.1) Detected no uses of low power mode state changing instructions
remark #10372-D: (ULP 4.1) Detected uninitialized Port 2 in this project. Recommend initializing all unused ports to eliminate wasted current consumption on unused pins.
'Finished building target: msp430g2xx3_uscia0_uart_01_9600.c.out'
' '

**** Build Finished ****

**** Build of configuration Debug for project msp430g2xx3_uscia0_uart_01_9600.c ****

"C:\\ti\\ccsv7\\utils\\bin\\gmake" -k -j 4 all -O 
'Building file: ../msp430g2xx3_uscia0_uart_01_9600.c'
'Invoking: MSP430 Compiler'
"C:/ti/ccsv7/tools/compiler/ti-cgt-msp430_16.9.3.LTS/bin/cl430" -vmsp --use_hw_mpy=none --include_path="C:/ti/ccsv7/ccs_base/msp430/include" --include_path="C:/Users/Jake/Documents/GitHub/lab-2-blinking-leds-jrepifano/Simple Blink/MSP430G2553" --include_path="C:/ti/ccsv7/tools/compiler/ti-cgt-msp430_16.9.3.LTS/include" --advice:power=all --define=__MSP430G2553__ -g --printf_support=minimal --diag_warning=225 --diag_wrap=off --display_error_number --preproc_with_compile --preproc_dependency="msp430g2xx3_uscia0_uart_01_9600.d"  "../msp430g2xx3_uscia0_uart_01_9600.c"
"../msp430g2xx3_uscia0_uart_01_9600.c", line 18: remark #1527-D: (ULP 2.1) Detected SW delay loop using __delay_cycles. Recommend using a timer module instead
"../msp430g2xx3_uscia0_uart_01_9600.c", line 5: remark #1535-D: (ULP 8.1) variable "blink" is used as a constant. Recommend declaring variable as either 'static const' or 'const'
'Finished building: ../msp430g2xx3_uscia0_uart_01_9600.c'
' '
'Building target: msp430g2xx3_uscia0_uart_01_9600.c.out'
'Invoking: MSP430 Linker'
"C:/ti/ccsv7/tools/compiler/ti-cgt-msp430_16.9.3.LTS/bin/cl430" -vmsp --use_hw_mpy=none --advice:power=all --define=__MSP430G2553__ -g --printf_support=minimal --diag_warning=225 --diag_wrap=off --display_error_number -z -m"msp430g2xx3_uscia0_uart_01_9600.c.map" --heap_size=80 --stack_size=80 -i"C:/ti/ccsv7/ccs_base/msp430/include" -i"C:/ti/ccsv7/tools/compiler/ti-cgt-msp430_16.9.3.LTS/lib" -i"C:/ti/ccsv7/tools/compiler/ti-cgt-msp430_16.9.3.LTS/include" --reread_libs --diag_wrap=off --display_error_number --warn_sections --xml_link_info="msp430g2xx3_uscia0_uart_01_9600.c_linkInfo.xml" --use_hw_mpy=none --rom_model -o "msp430g2xx3_uscia0_uart_01_9600.c.out" "./msp430g2xx3_uscia0_uart_01_9600.obj" "../lnk_msp430g2553.cmd"  -llibc.a 
<Linking>
remark #10371-D: (ULP 1.1) Detected no uses of low power mode state changing instructions
remark #10372-D: (ULP 4.1) Detected uninitialized Port 2 in this project. Recommend initializing all unused ports to eliminate wasted current consumption on unused pins.
'Finished building target: msp430g2xx3_uscia0_uart_01_9600.c.out'
' '

**** Build Finished ****

**** Build of configuration Debug for project msp430g2xx3_uscia0_uart_01_9600.c ****

"C:\\ti\\ccsv7\\utils\\bin\\gmake" -k -j 4 all -O 
'Building file: ../msp430g2xx3_uscia0_uart_01_9600.c'
'Invoking: MSP430 Compiler'
"C:/ti/ccsv7/tools/compiler/ti-cgt-msp430_16.9.3.LTS/bin/cl430" -vmsp --use_hw_mpy=none --include_path="C:/ti/ccsv7/ccs_base/msp430/include" --include_path="C:/Users/Jake/Documents/GitHub/lab-2-blinking-leds-jrepifano/Simple Blink/MSP430G2553" --include_path="C:/ti/ccsv7/tools/compiler/ti-cgt-msp430_16.9.3.LTS/include" --advice:power=all --define=__MSP430G2553__ -g --printf_support=minimal --diag_warning=225 --diag_wrap=off --display_error_number --preproc_with_compile --preproc_dependency="msp430g2xx3_uscia0_uart_01_9600.d"  "../msp430g2xx3_uscia0_uart_01_9600.c"
"../msp430g2xx3_uscia0_uart_01_9600.c", line 10: remark #1527-D: (ULP 2.1) Detected SW delay loop using __delay_cycles. Recommend using a timer module instead
'Finished building: ../msp430g2xx3_uscia0_uart_01_9600.c'
' '
'Building target: msp430g2xx3_uscia0_uart_01_9600.c.out'
'Invoking: MSP430 Linker'
"C:/ti/ccsv7/tools/compiler/ti-cgt-msp430_16.9.3.LTS/bin/cl430" -vmsp --use_hw_mpy=none --advice:power=all --define=__MSP430G2553__ -g --printf_support=minimal --diag_warning=225 --diag_wrap=off --display_error_number -z -m"msp430g2xx3_uscia0_uart_01_9600.c.map" --heap_size=80 --stack_size=80 -i"C:/ti/ccsv7/ccs_base/msp430/include" -i"C:/ti/ccsv7/tools/compiler/ti-cgt-msp430_16.9.3.LTS/lib" -i"C:/ti/ccsv7/tools/compiler/ti-cgt-msp430_16.9.3.LTS/include" --reread_libs --diag_wrap=off --display_error_number --warn_sections --xml_link_info="msp430g2xx3_uscia0_uart_01_9600.c_linkInfo.xml" --use_hw_mpy=none --rom_model -o "msp430g2xx3_uscia0_uart_01_9600.c.out" "./msp430g2xx3_uscia0_uart_01_9600.obj" "../lnk_msp430g2553.cmd"  -llibc.a 
<Linking>
remark #10371-D: (ULP 1.1) Detected no uses of low power mode state changing instructions
remark #10372-D: (ULP 4.1) Detected uninitialized Port 2 in this project. Recommend initializing all unused ports to eliminate wasted current consumption on unused pins.
'Finished building target: msp430g2xx3_uscia0_uart_01_9600.c.out'
' '

**** Build Finished ****

**** Build of configuration Debug for project msp430g2xx3_uscia0_uart_01_9600.c ****

"C:\\ti\\ccsv7\\utils\\bin\\gmake" -k -j 4 all -O 
'Building file: ../msp430g2xx3_uscia0_uart_01_9600.c'
'Invoking: MSP430 Compiler'
"C:/ti/ccsv7/tools/compiler/ti-cgt-msp430_16.9.3.LTS/bin/cl430" -vmsp --use_hw_mpy=none --include_path="C:/ti/ccsv7/ccs_base/msp430/include" --include_path="C:/Users/Jake/Documents/GitHub/lab-2-blinking-leds-jrepifano/Simple Blink/MSP430G2553" --include_path="C:/ti/ccsv7/tools/compiler/ti-cgt-msp430_16.9.3.LTS/include" --advice:power=all --define=__MSP430G2553__ -g --printf_support=minimal --diag_warning=225 --diag_wrap=off --display_error_number --preproc_with_compile --preproc_dependency="msp430g2xx3_uscia0_uart_01_9600.d"  "../msp430g2xx3_uscia0_uart_01_9600.c"
"../msp430g2xx3_uscia0_uart_01_9600.c", line 10: remark #1527-D: (ULP 2.1) Detected SW delay loop using __delay_cycles. Recommend using a timer module instead
'Finished building: ../msp430g2xx3_uscia0_uart_01_9600.c'
' '
'Building target: msp430g2xx3_uscia0_uart_01_9600.c.out'
'Invoking: MSP430 Linker'
"C:/ti/ccsv7/tools/compiler/ti-cgt-msp430_16.9.3.LTS/bin/cl430" -vmsp --use_hw_mpy=none --advice:power=all --define=__MSP430G2553__ -g --printf_support=minimal --diag_warning=225 --diag_wrap=off --display_error_number -z -m"msp430g2xx3_uscia0_uart_01_9600.c.map" --heap_size=80 --stack_size=80 -i"C:/ti/ccsv7/ccs_base/msp430/include" -i"C:/ti/ccsv7/tools/compiler/ti-cgt-msp430_16.9.3.LTS/lib" -i"C:/ti/ccsv7/tools/compiler/ti-cgt-msp430_16.9.3.LTS/include" --reread_libs --diag_wrap=off --display_error_number --warn_sections --xml_link_info="msp430g2xx3_uscia0_uart_01_9600.c_linkInfo.xml" --use_hw_mpy=none --rom_model -o "msp430g2xx3_uscia0_uart_01_9600.c.out" "./msp430g2xx3_uscia0_uart_01_9600.obj" "../lnk_msp430g2553.cmd"  -llibc.a 
<Linking>
remark #10371-D: (ULP 1.1) Detected no uses of low power mode state changing instructions
remark #10372-D: (ULP 4.1) Detected uninitialized Port 2 in this project. Recommend initializing all unused ports to eliminate wasted current consumption on unused pins.
'Finished building target: msp430g2xx3_uscia0_uart_01_9600.c.out'
' '

**** Build Finished ****
